This file contains any messages produced by compilers while
running configure, to aid debugging if configure makes a mistake.

It was created by libsecp256k1 configure 0.1, which was
generated by GNU Autoconf 2.72.  Invocation command line was

  $ ./configure --enable-module-schnorrsig --enable-module-rangeproof --enable-module-generator --enable-experimental --enable-module-aggsig --enable-module-commitment --no-create --no-recursion

## --------- ##
## Platform. ##
## --------- ##

hostname = Christophers-MacBook-Pro-2.local
uname -m = arm64
uname -r = 23.1.0
uname -s = Darwin
uname -v = Darwin Kernel Version 23.1.0: Mon Oct  9 21:33:00 PDT 2023; root:xnu-10002.41.9~7/RELEASE_ARM64_T6031

/usr/bin/uname -p = arm
/bin/uname -X     = unknown

/bin/arch              = unknown
/usr/bin/arch -k       = unknown
/usr/convex/getsysinfo = unknown
/usr/bin/hostinfo      = Mach kernel version:
	 Darwin Kernel Version 23.1.0: Mon Oct  9 21:33:00 PDT 2023; root:xnu-10002.41.9~7/RELEASE_ARM64_T6031
Kernel configured for up to 14 processors.
14 processors are physically available.
14 processors are logically available.
Processor type: arm64e (ARM64E)
Processors active: 0 1 2 3 4 5 6 7 8 9 10 11 12 13
Primary memory available: 36.00 gigabytes
Default processor set: 644 tasks, 4565 threads, 14 processors
Load average: 3.15, Mach factor: 10.86
/bin/machine           = unknown
/usr/bin/oslevel       = unknown
/bin/universe          = unknown

PATH: /Users/christophergilliard/homebrew/opt/bison/bin/
PATH: /Users/christophergilliard/homebrew/bin/
PATH: /opt/homebrew/bin/
PATH: /usr/local/bin/
PATH: /System/Cryptexes/App/usr/bin/
PATH: /usr/bin/
PATH: /bin/
PATH: /usr/sbin/
PATH: /sbin/
PATH: /var/run/com.apple.security.cryptexd/codex.system/bootstrap/usr/local/bin/
PATH: /var/run/com.apple.security.cryptexd/codex.system/bootstrap/usr/bin/
PATH: /var/run/com.apple.security.cryptexd/codex.system/bootstrap/usr/appleinternal/bin/
PATH: /Users/christophergilliard/.cargo/bin/
PATH: ~/homebrew/opt/llvm/bin/
PATH: /Users/christophergilliard/.local/bin/


## ----------- ##
## Core tests. ##
## ----------- ##

configure:2661: looking for aux files: compile ltmain.sh missing install-sh config.guess config.sub
configure:2674:  trying ./build-aux/
configure:2703:   ./build-aux/compile found
configure:2703:   ./build-aux/ltmain.sh found
configure:2703:   ./build-aux/missing found
configure:2685:   ./build-aux/install-sh found
configure:2703:   ./build-aux/config.guess found
configure:2703:   ./build-aux/config.sub found
configure:2824: checking build system type
configure:2840: result: aarch64-apple-darwin23.1.0
configure:2860: checking host system type
configure:2875: result: aarch64-apple-darwin23.1.0
configure:2915: checking for a BSD-compatible install
configure:2989: result: /usr/bin/install -c
configure:3000: checking whether sleep supports fractional seconds
configure:3016: result: yes
configure:3019: checking filesystem timestamp resolution
configure:3154: result: 2
configure:3159: checking whether build environment is sane
configure:3200: result: yes
configure:3371: checking for a race-free mkdir -p
configure:3414: result: mkdir -p
configure:3421: checking for gawk
configure:3457: result: no
configure:3421: checking for mawk
configure:3457: result: no
configure:3421: checking for nawk
configure:3457: result: no
configure:3421: checking for awk
configure:3442: found /usr/bin/awk
configure:3454: result: awk
configure:3465: checking whether make sets $(MAKE)
configure:3489: result: yes
configure:3515: checking whether make supports nested variables
configure:3534: result: yes
configure:3548: checking xargs -n works
configure:3564: result: yes
configure:3709: checking how to print strings
configure:3736: result: printf
configure:3770: checking whether make supports the include directive
configure:3785: make -f confmf.GNU && cat confinc.out
this is the am__doit target
configure:3788: $? = 0
configure:3807: result: yes (GNU style)
configure:3884: checking for gcc
configure:3905: found /Users/christophergilliard/homebrew/bin/gcc
configure:3917: result: gcc
configure:4276: checking for C compiler version
configure:4285: gcc --version >&5
gcc (Homebrew GCC 14.1.0_1) 14.1.0
Copyright (C) 2024 Free Software Foundation, Inc.
This is free software; see the source for copying conditions.  There is NO
warranty; not even for MERCHANTABILITY or FITNESS FOR A PARTICULAR PURPOSE.

configure:4296: $? = 0
configure:4285: gcc -v >&5
Using built-in specs.
COLLECT_GCC=gcc
COLLECT_LTO_WRAPPER=/Users/christophergilliard/homebrew/Cellar/gcc/14.1.0_1/bin/../libexec/gcc/aarch64-apple-darwin23/14/lto-wrapper
Target: aarch64-apple-darwin23
Configured with: ../configure --prefix=/Users/christophergilliard/homebrew/opt/gcc --libdir=/Users/christophergilliard/homebrew/opt/gcc/lib/gcc/current --disable-nls --enable-checking=release --with-gcc-major-version-only --enable-languages=c,c++,objc,obj-c++,fortran --program-suffix=-14 --with-gmp=/Users/christophergilliard/homebrew/opt/gmp --with-mpfr=/Users/christophergilliard/homebrew/opt/mpfr --with-mpc=/Users/christophergilliard/homebrew/opt/libmpc --with-isl=/Users/christophergilliard/homebrew/opt/isl --with-zstd=/Users/christophergilliard/homebrew/opt/zstd --with-pkgversion='Homebrew GCC 14.1.0_1' --with-bugurl=https://github.com/Homebrew/homebrew-core/issues --with-system-zlib --build=aarch64-apple-darwin23 --with-sysroot=/Library/Developer/CommandLineTools/SDKs/MacOSX14.sdk
Thread model: posix
Supported LTO compression algorithms: zlib zstd
gcc version 14.1.0 (Homebrew GCC 14.1.0_1) 
configure:4296: $? = 0
configure:4285: gcc -V >&5
gcc: error: unrecognized command-line option '-V'
gcc: fatal error: no input files
compilation terminated.
configure:4296: $? = 1
configure:4285: gcc -qversion >&5
gcc: error: unrecognized command-line option '-qversion'; did you mean '--version'?
gcc: fatal error: no input files
compilation terminated.
configure:4296: $? = 1
configure:4285: gcc -version >&5
gcc: error: unrecognized command-line option '-version'
gcc: fatal error: no input files
compilation terminated.
configure:4296: $? = 1
configure:4316: checking whether the C compiler works
configure:4338: gcc    conftest.c  >&5
configure:4342: $? = 0
configure:4393: result: yes
configure:4397: checking for C compiler default output file name
configure:4399: result: a.out
configure:4405: checking for suffix of executables
configure:4412: gcc -o conftest    conftest.c  >&5
configure:4416: $? = 0
configure:4440: result: 
configure:4464: checking whether we are cross compiling
configure:4472: gcc -o conftest    conftest.c  >&5
configure:4476: $? = 0
configure:4483: ./conftest
configure:4487: $? = 0
configure:4502: result: no
configure:4508: checking for suffix of object files
configure:4531: gcc -c   conftest.c >&5
configure:4535: $? = 0
configure:4559: result: o
configure:4563: checking whether the compiler supports GNU C
configure:4583: gcc -c   conftest.c >&5
configure:4583: $? = 0
configure:4595: result: yes
configure:4606: checking whether gcc accepts -g
configure:4627: gcc -c -g  conftest.c >&5
configure:4627: $? = 0
configure:4674: result: yes
configure:4694: checking for gcc option to enable C11 features
configure:4709: gcc  -c -g -O2  conftest.c >&5
configure:4709: $? = 0
configure:4728: result: none needed
configure:4852: checking whether gcc understands -c and -o together
configure:4875: gcc -c conftest.c -o conftest2.o
configure:4878: $? = 0
configure:4875: gcc -c conftest.c -o conftest2.o
configure:4878: $? = 0
configure:4891: result: yes
configure:4910: checking dependency style of gcc
configure:5023: result: gcc3
configure:5038: checking for a sed that does not truncate output
configure:5110: result: /usr/bin/sed
configure:5128: checking for grep that handles long lines and -e
configure:5194: result: /usr/bin/grep
configure:5199: checking for egrep
configure:5269: result: /usr/bin/grep -E
configure:5276: checking for fgrep
configure:5346: result: /usr/bin/grep -F
configure:5383: checking for ld used by gcc
configure:5452: result: /usr/bin/ld
configure:5459: checking if the linker (/usr/bin/ld) is GNU ld
configure:5476: result: no
configure:5488: checking for BSD- or MS-compatible name lister (nm)
configure:5544: result: /usr/bin/nm -B
configure:5686: checking the name lister (/usr/bin/nm -B) interface
configure:5694: gcc -c -g -O2  conftest.c >&5
configure:5697: /usr/bin/nm -B "conftest.o"
configure:5700: output
0000000000000198 S _some_variable
0000000000000000 t ltmp0
0000000000000198 s ltmp1
000000000000010d s ltmp2
0000000000000131 s ltmp3
000000000000014b s ltmp4
configure:5708: result: BSD nm
configure:5711: checking whether ln -s works
configure:5715: result: yes
configure:5723: checking the maximum length of command line arguments
configure:5856: result: 786432
configure:5904: checking how to convert aarch64-apple-darwin23.1.0 file names to aarch64-apple-darwin23.1.0 format
configure:5946: result: func_convert_file_noop
configure:5953: checking how to convert aarch64-apple-darwin23.1.0 file names to toolchain format
configure:5975: result: func_convert_file_noop
configure:5982: checking for /usr/bin/ld option to reload object files
configure:5991: result: -r
configure:6024: checking for file
configure:6045: found /usr/bin/file
configure:6058: result: file
configure:6121: checking for objdump
configure:6142: found /usr/bin/objdump
configure:6154: result: objdump
configure:6186: checking how to recognize dependent libraries
configure:6395: result: pass_all
configure:6486: checking for dlltool
configure:6522: result: no
configure:6552: checking how to associate runtime and link libraries
configure:6581: result: printf %s\n
configure:6642: checking for ranlib
configure:6663: found /usr/bin/ranlib
configure:6675: result: ranlib
configure:6752: checking for ar
configure:6773: found /usr/bin/ar
configure:6785: result: ar
configure:6838: checking for archiver @FILE support
configure:6856: gcc -c -g -O2  conftest.c >&5
configure:6856: $? = 0
configure:6860: ar cr libconftest.a @conftest.lst >&5
ar: @conftest.lst: No such file or directory
configure:6863: $? = 1
configure:6884: result: no
configure:6948: checking for strip
configure:6969: found /usr/bin/strip
configure:6981: result: strip
configure:7084: checking command to parse /usr/bin/nm -B output from gcc object
configure:7238: gcc -c -g -O2  conftest.c >&5
configure:7241: $? = 0
configure:7245: /usr/bin/nm -B conftest.o | /usr/bin/sed -n -e 's/^.*[	 ]\([ABCDGIRSTW][ABCDGIRSTW]*\)[	 ][	 ]*\([_A-Za-z][_A-Za-z0-9]*\)$/\1 \2 \2/p' | /usr/bin/sed '/ __gnu_lto/d' > conftest.nm
cannot find nm_test_var in conftest.nm
configure:7238: gcc -c -g -O2  conftest.c >&5
configure:7241: $? = 0
configure:7245: /usr/bin/nm -B conftest.o | /usr/bin/sed -n -e 's/^.*[	 ]\([ABCDGIRSTW][ABCDGIRSTW]*\)[	 ][	 ]*_\([_A-Za-z][_A-Za-z0-9]*\)$/\1 _\2 \2/p' | /usr/bin/sed '/ __gnu_lto/d' > conftest.nm
configure:7311: gcc -o conftest -g -O2   conftest.c conftstm.o >&5
configure:7314: $? = 0
configure:7353: result: ok
configure:7400: checking for sysroot
configure:7434: result: no
configure:7441: checking for a working dd
configure:7486: result: /bin/dd
configure:7490: checking how to truncate binary pipes
configure:7507: result: /bin/dd bs=4096 count=1
configure:7847: checking for mt
configure:7883: result: no
configure:7903: checking if : is a manifest tool
configure:7910: : '-?'
configure:7919: result: no
configure:7981: checking for dsymutil
configure:8002: found /usr/bin/dsymutil
configure:8014: result: dsymutil
configure:8085: checking for nmedit
configure:8106: found /usr/bin/nmedit
configure:8118: result: nmedit
configure:8189: checking for lipo
configure:8210: found /usr/bin/lipo
configure:8222: result: lipo
configure:8293: checking for otool
configure:8314: found /usr/bin/otool
configure:8326: result: otool
configure:8397: checking for otool64
configure:8433: result: no
configure:8478: checking for -single_module linker flag
gcc -g -O2  -o libconftest.dylib -dynamiclib -Wl,-single_module conftest.c
ld: warning: -single_module is obsolete
configure:8513: result: no
configure:8518: checking for -no_fixup_chains linker flag
configure:8537: gcc -o conftest -g -O2   -Wl,-no_fixup_chains conftest.c  >&5
configure:8537: $? = 0
configure:8552: result: yes
configure:8555: checking for -exported_symbols_list linker flag
configure:8576: gcc -o conftest -g -O2   -Wl,-exported_symbols_list,conftest.sym conftest.c  >&5
configure:8576: $? = 0
configure:8589: result: yes
configure:8592: checking for -force_load linker flag
gcc -g -O2 -c -o conftest.o conftest.c
ar cr libconftest.a conftest.o
ranlib libconftest.a
gcc -g -O2  -o conftest conftest.c -Wl,-force_load,./libconftest.a
configure:8626: result: yes
configure:8716: checking for stdio.h
configure:8716: gcc -c -g -O2  conftest.c >&5
configure:8716: $? = 0
configure:8716: result: yes
configure:8716: checking for stdlib.h
configure:8716: gcc -c -g -O2  conftest.c >&5
configure:8716: $? = 0
configure:8716: result: yes
configure:8716: checking for string.h
configure:8716: gcc -c -g -O2  conftest.c >&5
configure:8716: $? = 0
configure:8716: result: yes
configure:8716: checking for inttypes.h
configure:8716: gcc -c -g -O2  conftest.c >&5
configure:8716: $? = 0
configure:8716: result: yes
configure:8716: checking for stdint.h
configure:8716: gcc -c -g -O2  conftest.c >&5
configure:8716: $? = 0
configure:8716: result: yes
configure:8716: checking for strings.h
configure:8716: gcc -c -g -O2  conftest.c >&5
configure:8716: $? = 0
configure:8716: result: yes
configure:8716: checking for sys/stat.h
configure:8716: gcc -c -g -O2  conftest.c >&5
configure:8716: $? = 0
configure:8716: result: yes
configure:8716: checking for sys/types.h
configure:8716: gcc -c -g -O2  conftest.c >&5
configure:8716: $? = 0
configure:8716: result: yes
configure:8716: checking for unistd.h
configure:8716: gcc -c -g -O2  conftest.c >&5
configure:8716: $? = 0
configure:8716: result: yes
configure:8741: checking for dlfcn.h
configure:8741: gcc -c -g -O2  conftest.c >&5
configure:8741: $? = 0
configure:8741: result: yes
configure:9044: checking for objdir
configure:9061: result: .libs
configure:9327: checking if gcc supports -fno-rtti -fno-exceptions
configure:9346: gcc -c -g -O2  -fno-rtti -fno-exceptions conftest.c >&5
cc1: warning: command-line option '-fno-rtti' is valid for C++/D/ObjC++ but not for C
configure:9350: $? = 0
configure:9364: result: no
configure:9737: checking for gcc option to produce PIC
configure:9746: result: -fno-common -DPIC
configure:9754: checking if gcc PIC flag -fno-common -DPIC works
configure:9773: gcc -c -g -O2  -fno-common -DPIC -DPIC conftest.c >&5
configure:9777: $? = 0
configure:9791: result: yes
configure:9820: checking if gcc static flag -static works
configure:9850: result: no
configure:9865: checking if gcc supports -c -o file.o
configure:9887: gcc -c -g -O2  -o out/conftest2.o conftest.c >&5
configure:9891: $? = 0
configure:9914: result: yes
configure:9922: checking if gcc supports -c -o file.o
configure:9971: result: yes
configure:10004: checking whether the gcc linker (/usr/bin/ld) supports shared libraries
configure:11288: result: yes
configure:11530: checking dynamic linker characteristics
configure:12914: result: darwin23.1.0 dyld
configure:13036: checking how to hardcode library paths into programs
configure:13061: result: immediate
configure:13661: checking whether stripping libraries is possible
configure:13678: result: yes
configure:13712: checking if libtool supports shared libraries
configure:13714: result: yes
configure:13717: checking whether to build shared libraries
configure:13742: result: yes
configure:13745: checking whether to build static libraries
configure:13749: result: yes
configure:13850: checking for pkg-config
configure:13873: found /Users/christophergilliard/homebrew/bin/pkg-config
configure:13886: result: /Users/christophergilliard/homebrew/bin/pkg-config
configure:13911: checking pkg-config is at least version 0.9.0
configure:13914: result: yes
configure:13978: checking for ar
configure:14001: found /usr/bin/ar
configure:14014: result: /usr/bin/ar
configure:14088: checking for ranlib
configure:14111: found /usr/bin/ranlib
configure:14124: result: /usr/bin/ranlib
configure:14198: checking for strip
configure:14221: found /usr/bin/strip
configure:14234: result: /usr/bin/strip
configure:14261: checking how to run the C preprocessor
configure:14287: gcc -E  conftest.c
configure:14287: $? = 0
configure:14303: gcc -E  conftest.c
conftest.c:23:10: fatal error: ac_nonexistent.h: No such file or directory
   23 | #include <ac_nonexistent.h>
      |          ^~~~~~~~~~~~~~~~~~
compilation terminated.
configure:14303: $? = 1
configure: failed program was:
| /* confdefs.h */
| #define PACKAGE_NAME "libsecp256k1"
| #define PACKAGE_TARNAME "libsecp256k1"
| #define PACKAGE_VERSION "0.1"
| #define PACKAGE_STRING "libsecp256k1 0.1"
| #define PACKAGE_BUGREPORT ""
| #define PACKAGE_URL ""
| #define PACKAGE "libsecp256k1"
| #define VERSION "0.1"
| #define HAVE_STDIO_H 1
| #define HAVE_STDLIB_H 1
| #define HAVE_STRING_H 1
| #define HAVE_INTTYPES_H 1
| #define HAVE_STDINT_H 1
| #define HAVE_STRINGS_H 1
| #define HAVE_SYS_STAT_H 1
| #define HAVE_SYS_TYPES_H 1
| #define HAVE_UNISTD_H 1
| #define STDC_HEADERS 1
| #define HAVE_DLFCN_H 1
| #define LT_OBJDIR ".libs/"
| /* end confdefs.h.  */
| #include <ac_nonexistent.h>
configure:14332: result: gcc -E
configure:14346: gcc -E  conftest.c
configure:14346: $? = 0
configure:14362: gcc -E  conftest.c
conftest.c:23:10: fatal error: ac_nonexistent.h: No such file or directory
   23 | #include <ac_nonexistent.h>
      |          ^~~~~~~~~~~~~~~~~~
compilation terminated.
configure:14362: $? = 1
configure: failed program was:
| /* confdefs.h */
| #define PACKAGE_NAME "libsecp256k1"
| #define PACKAGE_TARNAME "libsecp256k1"
| #define PACKAGE_VERSION "0.1"
| #define PACKAGE_STRING "libsecp256k1 0.1"
| #define PACKAGE_BUGREPORT ""
| #define PACKAGE_URL ""
| #define PACKAGE "libsecp256k1"
| #define VERSION "0.1"
| #define HAVE_STDIO_H 1
| #define HAVE_STDLIB_H 1
| #define HAVE_STRING_H 1
| #define HAVE_INTTYPES_H 1
| #define HAVE_STDINT_H 1
| #define HAVE_STRINGS_H 1
| #define HAVE_SYS_STAT_H 1
| #define HAVE_SYS_TYPES_H 1
| #define HAVE_UNISTD_H 1
| #define STDC_HEADERS 1
| #define HAVE_DLFCN_H 1
| #define LT_OBJDIR ".libs/"
| /* end confdefs.h.  */
| #include <ac_nonexistent.h>
configure:14456: checking for gcc
configure:14477: found /Users/christophergilliard/homebrew/bin/gcc
configure:14489: result: gcc
configure:14848: checking for C compiler version
configure:14857: gcc --version >&5
gcc (Homebrew GCC 14.1.0_1) 14.1.0
Copyright (C) 2024 Free Software Foundation, Inc.
This is free software; see the source for copying conditions.  There is NO
warranty; not even for MERCHANTABILITY or FITNESS FOR A PARTICULAR PURPOSE.

configure:14868: $? = 0
configure:14857: gcc -v >&5
Using built-in specs.
COLLECT_GCC=gcc
COLLECT_LTO_WRAPPER=/Users/christophergilliard/homebrew/Cellar/gcc/14.1.0_1/bin/../libexec/gcc/aarch64-apple-darwin23/14/lto-wrapper
Target: aarch64-apple-darwin23
Configured with: ../configure --prefix=/Users/christophergilliard/homebrew/opt/gcc --libdir=/Users/christophergilliard/homebrew/opt/gcc/lib/gcc/current --disable-nls --enable-checking=release --with-gcc-major-version-only --enable-languages=c,c++,objc,obj-c++,fortran --program-suffix=-14 --with-gmp=/Users/christophergilliard/homebrew/opt/gmp --with-mpfr=/Users/christophergilliard/homebrew/opt/mpfr --with-mpc=/Users/christophergilliard/homebrew/opt/libmpc --with-isl=/Users/christophergilliard/homebrew/opt/isl --with-zstd=/Users/christophergilliard/homebrew/opt/zstd --with-pkgversion='Homebrew GCC 14.1.0_1' --with-bugurl=https://github.com/Homebrew/homebrew-core/issues --with-system-zlib --build=aarch64-apple-darwin23 --with-sysroot=/Library/Developer/CommandLineTools/SDKs/MacOSX14.sdk
Thread model: posix
Supported LTO compression algorithms: zlib zstd
gcc version 14.1.0 (Homebrew GCC 14.1.0_1) 
configure:14868: $? = 0
configure:14857: gcc -V >&5
gcc: error: unrecognized command-line option '-V'
gcc: fatal error: no input files
compilation terminated.
configure:14868: $? = 1
configure:14857: gcc -qversion >&5
gcc: error: unrecognized command-line option '-qversion'; did you mean '--version'?
gcc: fatal error: no input files
compilation terminated.
configure:14868: $? = 1
configure:14857: gcc -version >&5
gcc: error: unrecognized command-line option '-version'
gcc: fatal error: no input files
compilation terminated.
configure:14868: $? = 1
configure:14872: checking whether the compiler supports GNU C
configure:14904: result: yes
configure:14915: checking whether gcc accepts -g
configure:14936: gcc -c -g -O2  conftest.c >&5
configure:14936: $? = 0
configure:14983: result: yes
configure:15003: checking for gcc option to enable C11 features
configure:15037: result: none needed
configure:15161: checking whether gcc understands -c and -o together
configure:15200: result: yes
configure:15219: checking dependency style of gcc
configure:15332: result: gcc3
configure:15352: checking how to run the C preprocessor
configure:15378: gcc -E  conftest.c
configure:15378: $? = 0
configure:15394: gcc -E  conftest.c
conftest.c:23:10: fatal error: ac_nonexistent.h: No such file or directory
   23 | #include <ac_nonexistent.h>
      |          ^~~~~~~~~~~~~~~~~~
compilation terminated.
configure:15394: $? = 1
configure: failed program was:
| /* confdefs.h */
| #define PACKAGE_NAME "libsecp256k1"
| #define PACKAGE_TARNAME "libsecp256k1"
| #define PACKAGE_VERSION "0.1"
| #define PACKAGE_STRING "libsecp256k1 0.1"
| #define PACKAGE_BUGREPORT ""
| #define PACKAGE_URL ""
| #define PACKAGE "libsecp256k1"
| #define VERSION "0.1"
| #define HAVE_STDIO_H 1
| #define HAVE_STDLIB_H 1
| #define HAVE_STRING_H 1
| #define HAVE_INTTYPES_H 1
| #define HAVE_STDINT_H 1
| #define HAVE_STRINGS_H 1
| #define HAVE_SYS_STAT_H 1
| #define HAVE_SYS_TYPES_H 1
| #define HAVE_UNISTD_H 1
| #define STDC_HEADERS 1
| #define HAVE_DLFCN_H 1
| #define LT_OBJDIR ".libs/"
| /* end confdefs.h.  */
| #include <ac_nonexistent.h>
configure:15423: result: gcc -E
configure:15437: gcc -E  conftest.c
configure:15437: $? = 0
configure:15453: gcc -E  conftest.c
conftest.c:23:10: fatal error: ac_nonexistent.h: No such file or directory
   23 | #include <ac_nonexistent.h>
      |          ^~~~~~~~~~~~~~~~~~
compilation terminated.
configure:15453: $? = 1
configure: failed program was:
| /* confdefs.h */
| #define PACKAGE_NAME "libsecp256k1"
| #define PACKAGE_TARNAME "libsecp256k1"
| #define PACKAGE_VERSION "0.1"
| #define PACKAGE_STRING "libsecp256k1 0.1"
| #define PACKAGE_BUGREPORT ""
| #define PACKAGE_URL ""
| #define PACKAGE "libsecp256k1"
| #define VERSION "0.1"
| #define HAVE_STDIO_H 1
| #define HAVE_STDLIB_H 1
| #define HAVE_STRING_H 1
| #define HAVE_INTTYPES_H 1
| #define HAVE_STDINT_H 1
| #define HAVE_STRINGS_H 1
| #define HAVE_SYS_STAT_H 1
| #define HAVE_SYS_TYPES_H 1
| #define HAVE_UNISTD_H 1
| #define STDC_HEADERS 1
| #define HAVE_DLFCN_H 1
| #define LT_OBJDIR ".libs/"
| /* end confdefs.h.  */
| #include <ac_nonexistent.h>
configure:15555: checking for gcc
configure:15588: result: gcc
configure:15947: checking for C compiler version
configure:15956: gcc --version >&5
gcc (Homebrew GCC 14.1.0_1) 14.1.0
Copyright (C) 2024 Free Software Foundation, Inc.
This is free software; see the source for copying conditions.  There is NO
warranty; not even for MERCHANTABILITY or FITNESS FOR A PARTICULAR PURPOSE.

configure:15967: $? = 0
configure:15956: gcc -v >&5
Using built-in specs.
COLLECT_GCC=gcc
COLLECT_LTO_WRAPPER=/Users/christophergilliard/homebrew/Cellar/gcc/14.1.0_1/bin/../libexec/gcc/aarch64-apple-darwin23/14/lto-wrapper
Target: aarch64-apple-darwin23
Configured with: ../configure --prefix=/Users/christophergilliard/homebrew/opt/gcc --libdir=/Users/christophergilliard/homebrew/opt/gcc/lib/gcc/current --disable-nls --enable-checking=release --with-gcc-major-version-only --enable-languages=c,c++,objc,obj-c++,fortran --program-suffix=-14 --with-gmp=/Users/christophergilliard/homebrew/opt/gmp --with-mpfr=/Users/christophergilliard/homebrew/opt/mpfr --with-mpc=/Users/christophergilliard/homebrew/opt/libmpc --with-isl=/Users/christophergilliard/homebrew/opt/isl --with-zstd=/Users/christophergilliard/homebrew/opt/zstd --with-pkgversion='Homebrew GCC 14.1.0_1' --with-bugurl=https://github.com/Homebrew/homebrew-core/issues --with-system-zlib --build=aarch64-apple-darwin23 --with-sysroot=/Library/Developer/CommandLineTools/SDKs/MacOSX14.sdk
Thread model: posix
Supported LTO compression algorithms: zlib zstd
gcc version 14.1.0 (Homebrew GCC 14.1.0_1) 
configure:15967: $? = 0
configure:15956: gcc -V >&5
gcc: error: unrecognized command-line option '-V'
gcc: fatal error: no input files
compilation terminated.
configure:15967: $? = 1
configure:15956: gcc -qversion >&5
gcc: error: unrecognized command-line option '-qversion'; did you mean '--version'?
gcc: fatal error: no input files
compilation terminated.
configure:15967: $? = 1
configure:15956: gcc -version >&5
gcc: error: unrecognized command-line option '-version'
gcc: fatal error: no input files
compilation terminated.
configure:15967: $? = 1
configure:15971: checking whether the compiler supports GNU C
configure:16003: result: yes
configure:16014: checking whether gcc accepts -g
configure:16082: result: yes
configure:16102: checking for gcc option to enable C11 features
configure:16136: result: none needed
configure:16260: checking whether gcc understands -c and -o together
configure:16299: result: yes
configure:16318: checking dependency style of gcc
configure:16431: result: gcc3
configure:16458: checking dependency style of gcc
configure:16569: result: gcc3
configure:16590: checking for brew
configure:16613: found /Users/christophergilliard/homebrew/bin/brew
configure:16626: result: /Users/christophergilliard/homebrew/bin/brew
configure:16707: checking if gcc supports -std=c89 -pedantic -Wall -Wextra -Wcast-align -Wnested-externs -Wshadow -Wstrict-prototypes -Wno-unused-function -Wno-long-long -Wno-overlength-strings
configure:16713: gcc -c -g -O2 -W -std=c89 -pedantic -Wall -Wextra -Wcast-align -Wnested-externs -Wshadow -Wstrict-prototypes -Wno-unused-function -Wno-long-long -Wno-overlength-strings  conftest.c >&5
configure:16713: $? = 0
configure:16715: result: yes
configure:16728: checking if gcc supports -fvisibility=hidden
configure:16734: gcc -c -g -O2 -W -std=c89 -pedantic -Wall -Wextra -Wcast-align -Wnested-externs -Wshadow -Wstrict-prototypes -Wno-unused-function -Wno-long-long -Wno-overlength-strings -fvisibility=hidden  conftest.c >&5
configure:16734: $? = 0
configure:16736: result: yes
configure:16981: checking for __int128
configure:16981: gcc -c -g -O2 -W -std=c89 -pedantic -Wall -Wextra -Wcast-align -Wnested-externs -Wshadow -Wstrict-prototypes -Wno-unused-function -Wno-long-long -Wno-overlength-strings -fvisibility=hidden  conftest.c >&5
conftest.c: In function 'main':
conftest.c:54:13: warning: ISO C does not support '__int128' types [-Wpedantic]
   54 | if (sizeof (__int128))
      |             ^~~~~~~~
configure:16981: $? = 0
configure:16981: gcc -c -g -O2 -W -std=c89 -pedantic -Wall -Wextra -Wcast-align -Wnested-externs -Wshadow -Wstrict-prototypes -Wno-unused-function -Wno-long-long -Wno-overlength-strings -fvisibility=hidden  conftest.c >&5
conftest.c: In function 'main':
conftest.c:54:14: warning: ISO C does not support '__int128' types [-Wpedantic]
   54 | if (sizeof ((__int128)))
      |              ^~~~~~~~
conftest.c:54:23: error: expected expression before ')' token
   54 | if (sizeof ((__int128)))
      |                       ^
configure:16981: $? = 1
configure: failed program was:
| /* confdefs.h */
| #define PACKAGE_NAME "libsecp256k1"
| #define PACKAGE_TARNAME "libsecp256k1"
| #define PACKAGE_VERSION "0.1"
| #define PACKAGE_STRING "libsecp256k1 0.1"
| #define PACKAGE_BUGREPORT ""
| #define PACKAGE_URL ""
| #define PACKAGE "libsecp256k1"
| #define VERSION "0.1"
| #define HAVE_STDIO_H 1
| #define HAVE_STDLIB_H 1
| #define HAVE_STRING_H 1
| #define HAVE_INTTYPES_H 1
| #define HAVE_STDINT_H 1
| #define HAVE_STRINGS_H 1
| #define HAVE_SYS_STAT_H 1
| #define HAVE_SYS_TYPES_H 1
| #define HAVE_UNISTD_H 1
| #define STDC_HEADERS 1
| #define HAVE_DLFCN_H 1
| #define LT_OBJDIR ".libs/"
| /* end confdefs.h.  */
| #include <stddef.h>
| #ifdef HAVE_STDIO_H
| # include <stdio.h>
| #endif
| #ifdef HAVE_STDLIB_H
| # include <stdlib.h>
| #endif
| #ifdef HAVE_STRING_H
| # include <string.h>
| #endif
| #ifdef HAVE_INTTYPES_H
| # include <inttypes.h>
| #endif
| #ifdef HAVE_STDINT_H
| # include <stdint.h>
| #endif
| #ifdef HAVE_STRINGS_H
| # include <strings.h>
| #endif
| #ifdef HAVE_SYS_TYPES_H
| # include <sys/types.h>
| #endif
| #ifdef HAVE_SYS_STAT_H
| # include <sys/stat.h>
| #endif
| #ifdef HAVE_UNISTD_H
| # include <unistd.h>
| #endif
| int
| main (void)
| {
| if (sizeof ((__int128)))
| 	    return 0;
|   ;
|   return 0;
| }
configure:16981: result: yes
configure:16991: checking for __builtin_expect
configure:16997: gcc -c -g -O2 -W -std=c89 -pedantic -Wall -Wextra -Wcast-align -Wnested-externs -Wshadow -Wstrict-prototypes -Wno-unused-function -Wno-long-long -Wno-overlength-strings -fvisibility=hidden  conftest.c >&5
conftest.c:24:6: warning: function declaration isn't a prototype [-Wstrict-prototypes]
   24 | void myfunc() {__builtin_expect(0,0);}
      |      ^~~~~~
conftest.c: In function 'myfunc':
conftest.c:24:16: warning: statement with no effect [-Wunused-value]
   24 | void myfunc() {__builtin_expect(0,0);}
      |                ^~~~~~~~~~~~~~~~
configure:16997: $? = 0
configure:16999: result: yes
configure:17021: checking for __builtin_popcount
configure:17027: gcc -c -g -O2 -W -std=c89 -pedantic -Wall -Wextra -Wcast-align -Wnested-externs -Wshadow -Wstrict-prototypes -Wno-unused-function -Wno-long-long -Wno-overlength-strings -fvisibility=hidden -O3  conftest.c >&5
conftest.c:25:6: warning: function declaration isn't a prototype [-Wstrict-prototypes]
   25 | void myfunc() {__builtin_popcount(0);}
      |      ^~~~~~
conftest.c: In function 'myfunc':
conftest.c:25:16: warning: statement with no effect [-Wunused-value]
   25 | void myfunc() {__builtin_popcount(0);}
      |                ^~~~~~~~~~~~~~~~~~
configure:17027: $? = 0
configure:17029: result: yes
configure:17041: checking for __builtin_popcountl
configure:17047: gcc -c -g -O2 -W -std=c89 -pedantic -Wall -Wextra -Wcast-align -Wnested-externs -Wshadow -Wstrict-prototypes -Wno-unused-function -Wno-long-long -Wno-overlength-strings -fvisibility=hidden -O3  conftest.c >&5
conftest.c:26:6: warning: function declaration isn't a prototype [-Wstrict-prototypes]
   26 | void myfunc() {__builtin_popcountl(0);}
      |      ^~~~~~
conftest.c: In function 'myfunc':
conftest.c:26:16: warning: statement with no effect [-Wunused-value]
   26 | void myfunc() {__builtin_popcountl(0);}
      |                ^~~~~~~~~~~~~~~~~~~
configure:17047: $? = 0
configure:17049: result: yes
configure:17061: checking for __builtin_ctzl
configure:17067: gcc -c -g -O2 -W -std=c89 -pedantic -Wall -Wextra -Wcast-align -Wnested-externs -Wshadow -Wstrict-prototypes -Wno-unused-function -Wno-long-long -Wno-overlength-strings -fvisibility=hidden -O3  conftest.c >&5
conftest.c:27:6: warning: function declaration isn't a prototype [-Wstrict-prototypes]
   27 | void myfunc() {__builtin_ctzl(0);}
      |      ^~~~~~
conftest.c: In function 'myfunc':
conftest.c:27:16: warning: statement with no effect [-Wunused-value]
   27 | void myfunc() {__builtin_ctzl(0);}
      |                ^~~~~~~~~~~~~~
configure:17067: $? = 0
configure:17069: result: yes
configure:17087: checking native compiler: gcc
configure:17103: gcc -o conftest -g -O2 -W -std=c89 -pedantic -Wall -Wextra -Wcast-align -Wnested-externs -Wshadow -Wstrict-prototypes -Wno-unused-function -Wno-long-long -Wno-overlength-strings -fvisibility=hidden -O3   conftest.c  >&5
configure:17103: $? = 0
configure:17103: ./conftest
configure:17103: $? = 0
configure:17127: result: ok
configure:17135: checking for  __builtin_clzll
configure:17141: gcc -c -g -O2 -W -std=c89 -pedantic -Wall -Wextra -Wcast-align -Wnested-externs -Wshadow -Wstrict-prototypes -Wno-unused-function -Wno-long-long -Wno-overlength-strings -fvisibility=hidden -O3  conftest.c >&5
conftest.c:28:6: warning: function declaration isn't a prototype [-Wstrict-prototypes]
   28 | void myfunc() { __builtin_clzll(1);}
      |      ^~~~~~
conftest.c: In function 'myfunc':
conftest.c:28:17: warning: statement with no effect [-Wunused-value]
   28 | void myfunc() { __builtin_clzll(1);}
      |                 ^~~~~~~~~~~~~~~
configure:17141: $? = 0
configure:17143: result: yes
configure:17157: checking for x86_64 assembly availability
configure:17174: gcc -c -g -O2 -W -std=c89 -pedantic -Wall -Wextra -Wcast-align -Wnested-externs -Wshadow -Wstrict-prototypes -Wno-unused-function -Wno-long-long -Wno-overlength-strings -fvisibility=hidden -O3  conftest.c >&5
conftest.c: In function 'main':
conftest.c:36:3: warning: 'tmp' is used uninitialized [-Wuninitialized]
   36 |   __asm__ __volatile__("movq $0x100000000,%1; mulq %%rsi" : "+a"(a) : "S"(tmp) : "cc", "%rdx");
      |   ^~~~~~~
conftest.c:35:20: note: 'tmp' was declared here
   35 |   uint64_t a = 11, tmp;
      |                    ^~~
conftest.c:36:3: error: unknown register name '%rdx' in 'asm'
   36 |   __asm__ __volatile__("movq $0x100000000,%1; mulq %%rsi" : "+a"(a) : "S"(tmp) : "cc", "%rdx");
      |   ^~~~~~~
configure:17174: $? = 1
configure: failed program was:
| /* confdefs.h */
| #define PACKAGE_NAME "libsecp256k1"
| #define PACKAGE_TARNAME "libsecp256k1"
| #define PACKAGE_VERSION "0.1"
| #define PACKAGE_STRING "libsecp256k1 0.1"
| #define PACKAGE_BUGREPORT ""
| #define PACKAGE_URL ""
| #define PACKAGE "libsecp256k1"
| #define VERSION "0.1"
| #define HAVE_STDIO_H 1
| #define HAVE_STDLIB_H 1
| #define HAVE_STRING_H 1
| #define HAVE_INTTYPES_H 1
| #define HAVE_STDINT_H 1
| #define HAVE_STRINGS_H 1
| #define HAVE_SYS_STAT_H 1
| #define HAVE_SYS_TYPES_H 1
| #define HAVE_UNISTD_H 1
| #define STDC_HEADERS 1
| #define HAVE_DLFCN_H 1
| #define LT_OBJDIR ".libs/"
| #define HAVE___INT128 1
| #define HAVE_BUILTIN_EXPECT 1
| #define HAVE_BUILTIN_POPCOUNT 1
| #define HAVE_BUILTIN_POPCOUNTL 1
| #define HAVE_BUILTIN_CTZL 1
| #define HAVE_BUILTIN_CLZLL 1
| /* end confdefs.h.  */
| 
|   #include <stdint.h>
| int
| main (void)
| {
| 
|   uint64_t a = 11, tmp;
|   __asm__ __volatile__("movq $0x100000000,%1; mulq %%rsi" : "+a"(a) : "S"(tmp) : "cc", "%rdx");
| 
|   ;
|   return 0;
| }
configure:17182: result: no
configure:17310: checking for gmp.h
configure:17310: gcc -c -g -O2 -W -std=c89 -pedantic -Wall -Wextra -Wcast-align -Wnested-externs -Wshadow -Wstrict-prototypes -Wno-unused-function -Wno-long-long -Wno-overlength-strings -fvisibility=hidden -O3 -I/Users/christophergilliard/homebrew/opt/gmp/include  conftest.c >&5
configure:17310: $? = 0
configure:17310: result: yes
configure:17313: checking for __gmpz_init in -lgmp
configure:17342: gcc -o conftest -g -O2 -W -std=c89 -pedantic -Wall -Wextra -Wcast-align -Wnested-externs -Wshadow -Wstrict-prototypes -Wno-unused-function -Wno-long-long -Wno-overlength-strings -fvisibility=hidden -O3 -I/Users/christophergilliard/homebrew/opt/gmp/include   conftest.c -lgmp  -L/Users/christophergilliard/homebrew/opt/gmp/lib  >&5
configure:17342: $? = 0
configure:17354: result: yes
configure:17548: checking for libcrypto
configure:17555: $PKG_CONFIG --exists --print-errors "libcrypto"
configure:17558: $? = 0
configure:17572: $PKG_CONFIG --exists --print-errors "libcrypto"
configure:17575: $? = 0
configure:17613: result: yes
configure:17620: checking for main in -lcrypto
configure:17640: gcc -o conftest -g -O2 -W -std=c89 -pedantic -Wall -Wextra -Wcast-align -Wnested-externs -Wshadow -Wstrict-prototypes -Wno-unused-function -Wno-long-long -Wno-overlength-strings -fvisibility=hidden -O3   conftest.c -lcrypto   -L/Users/christophergilliard/homebrew/Cellar/openssl@3/3.4.0/lib -lcrypto >&5
conftest.c: In function 'main':
conftest.c:39:1: warning: infinite recursion detected [-Winfinite-recursion]
   39 | main (void)
      | ^~~~
conftest.c:41:8: note: recursive call
   41 | return main ();
      |        ^~~~~~~
ld: warning: ignoring duplicate libraries: '-lcrypto'
configure:17640: $? = 0
configure:17652: result: yes
configure:17723: checking for EC functions in libcrypto
configure:17747: gcc -c -g -O2 -W -std=c89 -pedantic -Wall -Wextra -Wcast-align -Wnested-externs -Wshadow -Wstrict-prototypes -Wno-unused-function -Wno-long-long -Wno-overlength-strings -fvisibility=hidden -O3  conftest.c >&5
conftest.c:38:14: fatal error: openssl/ec.h: No such file or directory
   38 |     #include <openssl/ec.h>
      |              ^~~~~~~~~~~~~~
compilation terminated.
configure:17747: $? = 1
configure: failed program was:
| /* confdefs.h */
| #define PACKAGE_NAME "libsecp256k1"
| #define PACKAGE_TARNAME "libsecp256k1"
| #define PACKAGE_VERSION "0.1"
| #define PACKAGE_STRING "libsecp256k1 0.1"
| #define PACKAGE_BUGREPORT ""
| #define PACKAGE_URL ""
| #define PACKAGE "libsecp256k1"
| #define VERSION "0.1"
| #define HAVE_STDIO_H 1
| #define HAVE_STDLIB_H 1
| #define HAVE_STRING_H 1
| #define HAVE_INTTYPES_H 1
| #define HAVE_STDINT_H 1
| #define HAVE_STRINGS_H 1
| #define HAVE_SYS_STAT_H 1
| #define HAVE_SYS_TYPES_H 1
| #define HAVE_UNISTD_H 1
| #define STDC_HEADERS 1
| #define HAVE_DLFCN_H 1
| #define LT_OBJDIR ".libs/"
| #define HAVE___INT128 1
| #define HAVE_BUILTIN_EXPECT 1
| #define HAVE_BUILTIN_POPCOUNT 1
| #define HAVE_BUILTIN_POPCOUNTL 1
| #define HAVE_BUILTIN_CTZL 1
| #define HAVE_BUILTIN_CLZLL 1
| #define HAVE_LIBGMP 1
| #define USE_FIELD_5X52 1
| #define HAVE_LIBGMP 1
| #define USE_NUM_GMP 1
| #define USE_FIELD_INV_NUM 1
| #define USE_SCALAR_INV_NUM 1
| #define USE_SCALAR_4X64 1
| #define HAVE_LIBCRYPTO 1
| /* end confdefs.h.  */
| 
|     #include <openssl/ec.h>
|     #include <openssl/ecdsa.h>
|     #include <openssl/obj_mac.h>
| int
| main (void)
| {
| 
|     EC_KEY *eckey = EC_KEY_new_by_curve_name(NID_secp256k1);
|     ECDSA_sign(0, NULL, 0, NULL, NULL, eckey);
|     ECDSA_verify(0, NULL, 0, NULL, 0, eckey);
|     EC_KEY_free(eckey);
|     ECDSA_SIG *sig_openssl;
|     sig_openssl = ECDSA_SIG_new();
|     ECDSA_SIG_free(sig_openssl);
| 
|   ;
|   return 0;
| }
configure:17755: result: no
configure:18032: checking whether byte ordering is bigendian
configure:18048: gcc -c -g -O2 -W -std=c89 -pedantic -Wall -Wextra -Wcast-align -Wnested-externs -Wshadow -Wstrict-prototypes -Wno-unused-function -Wno-long-long -Wno-overlength-strings -fvisibility=hidden -O3  conftest.c >&5
configure:18048: $? = 0
configure:18094: gcc -c -g -O2 -W -std=c89 -pedantic -Wall -Wextra -Wcast-align -Wnested-externs -Wshadow -Wstrict-prototypes -Wno-unused-function -Wno-long-long -Wno-overlength-strings -fvisibility=hidden -O3  conftest.c >&5
configure:18094: $? = 0
configure:18113: gcc -c -g -O2 -W -std=c89 -pedantic -Wall -Wextra -Wcast-align -Wnested-externs -Wshadow -Wstrict-prototypes -Wno-unused-function -Wno-long-long -Wno-overlength-strings -fvisibility=hidden -O3  conftest.c >&5
conftest.c: In function 'main':
conftest.c:50:18: error: unknown type name 'not'; did you mean 'ino_t'?
   50 |                  not big endian
      |                  ^~~
      |                  ino_t
conftest.c:50:26: error: expected '=', ',', ';', 'asm' or '__attribute__' before 'endian'
   50 |                  not big endian
      |                          ^~~~~~
configure:18113: $? = 1
configure: failed program was:
| /* confdefs.h */
| #define PACKAGE_NAME "libsecp256k1"
| #define PACKAGE_TARNAME "libsecp256k1"
| #define PACKAGE_VERSION "0.1"
| #define PACKAGE_STRING "libsecp256k1 0.1"
| #define PACKAGE_BUGREPORT ""
| #define PACKAGE_URL ""
| #define PACKAGE "libsecp256k1"
| #define VERSION "0.1"
| #define HAVE_STDIO_H 1
| #define HAVE_STDLIB_H 1
| #define HAVE_STRING_H 1
| #define HAVE_INTTYPES_H 1
| #define HAVE_STDINT_H 1
| #define HAVE_STRINGS_H 1
| #define HAVE_SYS_STAT_H 1
| #define HAVE_SYS_TYPES_H 1
| #define HAVE_UNISTD_H 1
| #define STDC_HEADERS 1
| #define HAVE_DLFCN_H 1
| #define LT_OBJDIR ".libs/"
| #define HAVE___INT128 1
| #define HAVE_BUILTIN_EXPECT 1
| #define HAVE_BUILTIN_POPCOUNT 1
| #define HAVE_BUILTIN_POPCOUNTL 1
| #define HAVE_BUILTIN_CTZL 1
| #define HAVE_BUILTIN_CLZLL 1
| #define HAVE_LIBGMP 1
| #define USE_FIELD_5X52 1
| #define HAVE_LIBGMP 1
| #define USE_NUM_GMP 1
| #define USE_FIELD_INV_NUM 1
| #define USE_SCALAR_INV_NUM 1
| #define USE_SCALAR_4X64 1
| #define HAVE_LIBCRYPTO 1
| #define USE_ECMULT_STATIC_PRECOMPUTATION 1
| #define ENABLE_MODULE_SCHNORRSIG 1
| #define ENABLE_MODULE_GENERATOR 1
| #define ENABLE_MODULE_COMMITMENT 1
| #define ENABLE_MODULE_RANGEPROOF 1
| #define ENABLE_MODULE_AGGSIG 1
| /* end confdefs.h.  */
| #include <sys/types.h>
| 		#include <sys/param.h>
| 
| int
| main (void)
| {
| #if BYTE_ORDER != BIG_ENDIAN
| 		 not big endian
| 		#endif
| 
|   ;
|   return 0;
| }
configure:18254: result: no
configure:18279: Using static precomputation: yes
configure:18281: Using assembly optimizations: no
configure:18283: Using field implementation: 64bit
configure:18285: Using bignum implementation: gmp
configure:18287: Using scalar implementation: 64bit
configure:18289: Using endomorphism optimizations: no
configure:18291: Building benchmarks: yes
configure:18293: Building for coverage analysis: no
configure:18295: Building ECDH module: no
configure:18297: Building ECDSA pubkey recovery module: no
configure:18299: Using jni: no
configure:18303: ******
configure:18305: WARNING: experimental build
configure:18307: Experimental features do not have stable APIs or properties, and may not be safe for production use.
configure:18309: Building ECDH module: no
configure:18311: Building NUMS generator module: yes
configure:18313: Building Pedersen commitment module: yes
configure:18315: Building range proof module: yes
configure:18317: Building bulletproof module: no
configure:18319: Building aggsig module: yes
configure:18321: Building key whitelisting module: no
configure:18323: Building surjection proof module: no
configure:18325: Building schnorrsig module: yes
configure:18327: ******
configure:18672: checking that generated files are newer than configure
configure:18678: result: done
configure:18798: creating ./config.status

## ---------------- ##
## Cache variables. ##
## ---------------- ##

ac_cv_build=aarch64-apple-darwin23.1.0
ac_cv_build_prog_CPP='gcc -E'
ac_cv_build_prog_cc_g=yes
ac_cv_c_bigendian=no
ac_cv_c_compiler_gnu=yes
ac_cv_env_CCASFLAGS_set=
ac_cv_env_CCASFLAGS_value=
ac_cv_env_CCAS_set=
ac_cv_env_CCAS_value=
ac_cv_env_CC_set=
ac_cv_env_CC_value=
ac_cv_env_CFLAGS_set=
ac_cv_env_CFLAGS_value=
ac_cv_env_CPPFLAGS_set=
ac_cv_env_CPPFLAGS_value=
ac_cv_env_CPP_set=
ac_cv_env_CPP_value=
ac_cv_env_CRYPTO_CFLAGS_set=
ac_cv_env_CRYPTO_CFLAGS_value=
ac_cv_env_CRYPTO_LIBS_set=
ac_cv_env_CRYPTO_LIBS_value=
ac_cv_env_LDFLAGS_set=
ac_cv_env_LDFLAGS_value=
ac_cv_env_LIBS_set=
ac_cv_env_LIBS_value=
ac_cv_env_LT_SYS_LIBRARY_PATH_set=
ac_cv_env_LT_SYS_LIBRARY_PATH_value=
ac_cv_env_PKG_CONFIG_LIBDIR_set=
ac_cv_env_PKG_CONFIG_LIBDIR_value=
ac_cv_env_PKG_CONFIG_PATH_set=
ac_cv_env_PKG_CONFIG_PATH_value=
ac_cv_env_PKG_CONFIG_set=
ac_cv_env_PKG_CONFIG_value=
ac_cv_env_build_alias_set=
ac_cv_env_build_alias_value=
ac_cv_env_host_alias_set=
ac_cv_env_host_alias_value=
ac_cv_env_target_alias_set=
ac_cv_env_target_alias_value=
ac_cv_header_dlfcn_h=yes
ac_cv_header_gmp_h=yes
ac_cv_header_inttypes_h=yes
ac_cv_header_stdint_h=yes
ac_cv_header_stdio_h=yes
ac_cv_header_stdlib_h=yes
ac_cv_header_string_h=yes
ac_cv_header_strings_h=yes
ac_cv_header_sys_stat_h=yes
ac_cv_header_sys_types_h=yes
ac_cv_header_unistd_h=yes
ac_cv_host=aarch64-apple-darwin23.1.0
ac_cv_lib_crypto_main=yes
ac_cv_lib_gmp___gmpz_init=yes
ac_cv_objext=o
ac_cv_path_BREW=/Users/christophergilliard/homebrew/bin/brew
ac_cv_path_EGREP='/usr/bin/grep -E'
ac_cv_path_EGREP_TRADITIONAL='/usr/bin/grep -E'
ac_cv_path_FGREP='/usr/bin/grep -F'
ac_cv_path_GREP=/usr/bin/grep
ac_cv_path_SED=/usr/bin/sed
ac_cv_path_ac_pt_AR=/usr/bin/ar
ac_cv_path_ac_pt_PKG_CONFIG=/Users/christophergilliard/homebrew/bin/pkg-config
ac_cv_path_ac_pt_RANLIB=/usr/bin/ranlib
ac_cv_path_ac_pt_STRIP=/usr/bin/strip
ac_cv_path_install='/usr/bin/install -c'
ac_cv_path_lt_DD=/bin/dd
ac_cv_prog_AWK=awk
ac_cv_prog_CPP='gcc -E'
ac_cv_prog_FILECMD=file
ac_cv_prog_ac_ct_AR=ar
ac_cv_prog_ac_ct_CC=gcc
ac_cv_prog_ac_ct_CC_FOR_BUILD=gcc
ac_cv_prog_ac_ct_DSYMUTIL=dsymutil
ac_cv_prog_ac_ct_LIPO=lipo
ac_cv_prog_ac_ct_NMEDIT=nmedit
ac_cv_prog_ac_ct_OBJDUMP=objdump
ac_cv_prog_ac_ct_OTOOL=otool
ac_cv_prog_ac_ct_RANLIB=ranlib
ac_cv_prog_ac_ct_STRIP=strip
ac_cv_prog_cc_c11=
ac_cv_prog_cc_g=yes
ac_cv_prog_cc_stdc=
ac_cv_prog_make_make_set=yes
ac_cv_type___int128=yes
am_cv_CCAS_dependencies_compiler_type=gcc3
am_cv_CC_dependencies_compiler_type=gcc3
am_cv_filesystem_timestamp_resolution=2
am_cv_make_support_nested_variables=yes
am_cv_prog_cc_c_o=yes
am_cv_sleep_fractional_seconds=yes
am_cv_xargs_n_works=yes
lt_cv_apple_cc_single_mod=no
lt_cv_ar_at_file=no
lt_cv_deplibs_check_method=pass_all
lt_cv_file_magic_cmd='$MAGIC_CMD'
lt_cv_file_magic_test_file=
lt_cv_ld_exported_symbols_list=yes
lt_cv_ld_force_load=yes
lt_cv_ld_reload_flag=-r
lt_cv_nm_interface='BSD nm'
lt_cv_objdir=.libs
lt_cv_path_LD=/usr/bin/ld
lt_cv_path_NM='/usr/bin/nm -B'
lt_cv_path_manifest_tool=no
lt_cv_prog_compiler_c_o=yes
lt_cv_prog_compiler_pic='-fno-common -DPIC'
lt_cv_prog_compiler_pic_works=yes
lt_cv_prog_compiler_rtti_exceptions=no
lt_cv_prog_compiler_static_works=no
lt_cv_prog_gnu_ld=no
lt_cv_sharedlib_from_linklib_cmd='printf %s\n'
lt_cv_support_no_fixup_chains=yes
lt_cv_sys_global_symbol_pipe='/usr/bin/sed -n -e '\''s/^.*[	 ]\([ABCDGIRSTW][ABCDGIRSTW]*\)[	 ][	 ]*_\([_A-Za-z][_A-Za-z0-9]*\)$/\1 _\2 \2/p'\'' | /usr/bin/sed '\''/ __gnu_lto/d'\'''
lt_cv_sys_global_symbol_to_c_name_address='/usr/bin/sed -n -e '\''s/^: \(.*\) .*$/  {"\1", (void *) 0},/p'\'' -e '\''s/^[ABCDGIRSTW][ABCDGIRSTW]* .* \(.*\)$/  {"\1", (void *) \&\1},/p'\'''
lt_cv_sys_global_symbol_to_c_name_address_lib_prefix='/usr/bin/sed -n -e '\''s/^: \(.*\) .*$/  {"\1", (void *) 0},/p'\'' -e '\''s/^[ABCDGIRSTW][ABCDGIRSTW]* .* \(lib.*\)$/  {"\1", (void *) \&\1},/p'\'' -e '\''s/^[ABCDGIRSTW][ABCDGIRSTW]* .* \(.*\)$/  {"lib\1", (void *) \&\1},/p'\'''
lt_cv_sys_global_symbol_to_cdecl='/usr/bin/sed -n -e '\''s/^T .* \(.*\)$/extern int \1();/p'\'' -e '\''s/^[ABCDGIRSTW][ABCDGIRSTW]* .* \(.*\)$/extern char \1;/p'\'''
lt_cv_sys_global_symbol_to_import=
lt_cv_sys_max_cmd_len=786432
lt_cv_to_host_file_cmd=func_convert_file_noop
lt_cv_to_tool_file_cmd=func_convert_file_noop
lt_cv_truncate_bin='/bin/dd bs=4096 count=1'
pkg_cv_CRYPTO_CFLAGS=-I/Users/christophergilliard/homebrew/Cellar/openssl@3/3.4.0/include
pkg_cv_CRYPTO_LIBS='-L/Users/christophergilliard/homebrew/Cellar/openssl@3/3.4.0/lib -lcrypto'

## ----------------- ##
## Output variables. ##
## ----------------- ##

ACLOCAL='${SHELL} '\''/Users/christophergilliard/projects/fam/secp256k1-zkp/build-aux/missing'\'' aclocal-1.17'
AMDEPBACKSLASH='\'
AMDEP_FALSE='#'
AMDEP_TRUE=''
AMTAR='$${TAR-tar}'
AM_BACKSLASH='\'
AM_DEFAULT_V='$(AM_DEFAULT_VERBOSITY)'
AM_DEFAULT_VERBOSITY='0'
AM_V='$(V)'
AR='/usr/bin/ar'
AUTOCONF='${SHELL} '\''/Users/christophergilliard/projects/fam/secp256k1-zkp/build-aux/missing'\'' autoconf'
AUTOHEADER='${SHELL} '\''/Users/christophergilliard/projects/fam/secp256k1-zkp/build-aux/missing'\'' autoheader'
AUTOMAKE='${SHELL} '\''/Users/christophergilliard/projects/fam/secp256k1-zkp/build-aux/missing'\'' automake-1.17'
AWK='awk'
BREW='/Users/christophergilliard/homebrew/bin/brew'
BUILD_EXEEXT=''
BUILD_OBJEXT=''
CC='gcc'
CCAS='gcc'
CCASDEPMODE='depmode=gcc3'
CCASFLAGS='-g -O2'
CCDEPMODE='depmode=gcc3'
CC_FOR_BUILD='gcc'
CFLAGS='-g -O2 -W -std=c89 -pedantic -Wall -Wextra -Wcast-align -Wnested-externs -Wshadow -Wstrict-prototypes -Wno-unused-function -Wno-long-long -Wno-overlength-strings -fvisibility=hidden -O3'
CFLAGS_FOR_BUILD='-g -O2'
CPP='gcc -E'
CPPFLAGS=''
CPPFLAGS_FOR_BUILD=''
CPP_FOR_BUILD='gcc -E'
CRYPTO_CFLAGS='-I/Users/christophergilliard/homebrew/Cellar/openssl@3/3.4.0/include'
CRYPTO_LIBS='-L/Users/christophergilliard/homebrew/Cellar/openssl@3/3.4.0/lib -lcrypto'
CSCOPE='cscope'
CTAGS='ctags'
CYGPATH_W='echo'
DEFS='-DHAVE_CONFIG_H'
DEPDIR='.deps'
DLLTOOL='false'
DSYMUTIL='dsymutil'
DUMPBIN=''
ECHO_C='\c'
ECHO_N=''
ECHO_T=''
EGREP='/usr/bin/grep -E'
ENABLE_COVERAGE_FALSE=''
ENABLE_COVERAGE_TRUE='#'
ENABLE_MODULE_AGGSIG_FALSE='#'
ENABLE_MODULE_AGGSIG_TRUE=''
ENABLE_MODULE_BULLETPROOF_FALSE=''
ENABLE_MODULE_BULLETPROOF_TRUE='#'
ENABLE_MODULE_COMMITMENT_FALSE='#'
ENABLE_MODULE_COMMITMENT_TRUE=''
ENABLE_MODULE_ECDH_FALSE=''
ENABLE_MODULE_ECDH_TRUE='#'
ENABLE_MODULE_GENERATOR_FALSE='#'
ENABLE_MODULE_GENERATOR_TRUE=''
ENABLE_MODULE_RANGEPROOF_FALSE='#'
ENABLE_MODULE_RANGEPROOF_TRUE=''
ENABLE_MODULE_RECOVERY_FALSE=''
ENABLE_MODULE_RECOVERY_TRUE='#'
ENABLE_MODULE_SCHNORRSIG_FALSE='#'
ENABLE_MODULE_SCHNORRSIG_TRUE=''
ENABLE_MODULE_SURJECTIONPROOF_FALSE=''
ENABLE_MODULE_SURJECTIONPROOF_TRUE='#'
ENABLE_MODULE_WHITELIST_FALSE=''
ENABLE_MODULE_WHITELIST_TRUE='#'
ETAGS='etags'
EXEEXT=''
FGREP='/usr/bin/grep -F'
FILECMD='file'
GREP='/usr/bin/grep'
INSTALL_DATA='${INSTALL} -m 644'
INSTALL_PROGRAM='${INSTALL}'
INSTALL_SCRIPT='${INSTALL}'
INSTALL_STRIP_PROGRAM='$(install_sh) -c -s'
JNI_INCLUDES=''
LD='/usr/bin/ld'
LDFLAGS=''
LDFLAGS_FOR_BUILD=''
LIBOBJS=''
LIBS=''
LIBTOOL='$(SHELL) $(top_builddir)/libtool'
LIPO='lipo'
LN_S='ln -s'
LTLIBOBJS=''
LT_SYS_LIBRARY_PATH=''
MAKEINFO='${SHELL} '\''/Users/christophergilliard/projects/fam/secp256k1-zkp/build-aux/missing'\'' makeinfo'
MANIFEST_TOOL=':'
MKDIR_P='mkdir -p'
NM='/usr/bin/nm -B'
NMEDIT='nmedit'
OBJDUMP='objdump'
OBJEXT='o'
OTOOL64=':'
OTOOL='otool'
PACKAGE='libsecp256k1'
PACKAGE_BUGREPORT=''
PACKAGE_NAME='libsecp256k1'
PACKAGE_STRING='libsecp256k1 0.1'
PACKAGE_TARNAME='libsecp256k1'
PACKAGE_URL=''
PACKAGE_VERSION='0.1'
PATH_SEPARATOR=':'
PKG_CONFIG='/Users/christophergilliard/homebrew/bin/pkg-config'
PKG_CONFIG_LIBDIR=''
PKG_CONFIG_PATH='/Users/christophergilliard/homebrew/opt/openssl@3/lib/pkgconfig:'
PORT=''
RANLIB='/usr/bin/ranlib'
SECP_INCLUDES=' -I/Users/christophergilliard/homebrew/opt/gmp/include'
SECP_LIBS=' -L/Users/christophergilliard/homebrew/opt/gmp/lib -lgmp'
SECP_TEST_INCLUDES=''
SECP_TEST_LIBS=''
SED='/usr/bin/sed'
SET_MAKE=''
SHELL='/bin/sh'
STRIP='/usr/bin/strip'
USE_ASM_ARM_FALSE=''
USE_ASM_ARM_TRUE='#'
USE_BENCHMARK_FALSE='#'
USE_BENCHMARK_TRUE=''
USE_ECMULT_STATIC_PRECOMPUTATION_FALSE='#'
USE_ECMULT_STATIC_PRECOMPUTATION_TRUE=''
USE_EXHAUSTIVE_TESTS_FALSE='#'
USE_EXHAUSTIVE_TESTS_TRUE=''
USE_EXTERNAL_ASM_FALSE=''
USE_EXTERNAL_ASM_TRUE='#'
USE_JNI_FALSE=''
USE_JNI_TRUE='#'
USE_TESTS_FALSE='#'
USE_TESTS_TRUE=''
VERSION='0.1'
_ACJNI_JAVAC=''
ac_ct_AR='ar'
ac_ct_CC='gcc'
ac_ct_CC_FOR_BUILD='gcc'
ac_ct_DUMPBIN=''
am__EXEEXT_FALSE=''
am__EXEEXT_TRUE='#'
am__fastdepCCAS_FALSE='#'
am__fastdepCCAS_TRUE=''
am__fastdepCC_FALSE='#'
am__fastdepCC_TRUE=''
am__include='include'
am__isrc=''
am__leading_dot='.'
am__nodep='_no'
am__quote=''
am__rm_f_notfound=''
am__tar='$${TAR-tar} chof - "$$tardir"'
am__untar='$${TAR-tar} xf -'
am__xargs_n='xargs -n'
bindir='${exec_prefix}/bin'
build='aarch64-apple-darwin23.1.0'
build_alias=''
build_cpu='aarch64'
build_os='darwin23.1.0'
build_vendor='apple'
datadir='${datarootdir}'
datarootdir='${prefix}/share'
docdir='${datarootdir}/doc/${PACKAGE_TARNAME}'
dvidir='${docdir}'
exec_prefix='${prefix}'
host='aarch64-apple-darwin23.1.0'
host_alias=''
host_cpu='aarch64'
host_os='darwin23.1.0'
host_vendor='apple'
htmldir='${docdir}'
includedir='${prefix}/include'
infodir='${datarootdir}/info'
install_sh='${SHELL} /Users/christophergilliard/projects/fam/secp256k1-zkp/build-aux/install-sh'
libdir='${exec_prefix}/lib'
libexecdir='${exec_prefix}/libexec'
localedir='${datarootdir}/locale'
localstatedir='${prefix}/var'
mandir='${datarootdir}/man'
mkdir_p='$(MKDIR_P)'
oldincludedir='/usr/include'
pdfdir='${docdir}'
prefix='/usr/local'
program_transform_name='s,x,x,'
psdir='${docdir}'
runstatedir='${localstatedir}/run'
sbindir='${exec_prefix}/sbin'
sharedstatedir='${prefix}/com'
sysconfdir='${prefix}/etc'
target_alias=''

## ----------- ##
## confdefs.h. ##
## ----------- ##

/* confdefs.h */
#define PACKAGE_NAME "libsecp256k1"
#define PACKAGE_TARNAME "libsecp256k1"
#define PACKAGE_VERSION "0.1"
#define PACKAGE_STRING "libsecp256k1 0.1"
#define PACKAGE_BUGREPORT ""
#define PACKAGE_URL ""
#define PACKAGE "libsecp256k1"
#define VERSION "0.1"
#define HAVE_STDIO_H 1
#define HAVE_STDLIB_H 1
#define HAVE_STRING_H 1
#define HAVE_INTTYPES_H 1
#define HAVE_STDINT_H 1
#define HAVE_STRINGS_H 1
#define HAVE_SYS_STAT_H 1
#define HAVE_SYS_TYPES_H 1
#define HAVE_UNISTD_H 1
#define STDC_HEADERS 1
#define HAVE_DLFCN_H 1
#define LT_OBJDIR ".libs/"
#define HAVE___INT128 1
#define HAVE_BUILTIN_EXPECT 1
#define HAVE_BUILTIN_POPCOUNT 1
#define HAVE_BUILTIN_POPCOUNTL 1
#define HAVE_BUILTIN_CTZL 1
#define HAVE_BUILTIN_CLZLL 1
#define HAVE_LIBGMP 1
#define USE_FIELD_5X52 1
#define HAVE_LIBGMP 1
#define USE_NUM_GMP 1
#define USE_FIELD_INV_NUM 1
#define USE_SCALAR_INV_NUM 1
#define USE_SCALAR_4X64 1
#define HAVE_LIBCRYPTO 1
#define USE_ECMULT_STATIC_PRECOMPUTATION 1
#define ENABLE_MODULE_SCHNORRSIG 1
#define ENABLE_MODULE_GENERATOR 1
#define ENABLE_MODULE_COMMITMENT 1
#define ENABLE_MODULE_RANGEPROOF 1
#define ENABLE_MODULE_AGGSIG 1
#define ENABLE_MODULE_ECDH 1
#define ENABLE_MODULE_GENERATOR 1
#define ENABLE_MODULE_RECOVERY 1
#define ENABLE_MODULE_RANGEPROOF 1
#define ENABLE_MODULE_BULLETPROOF 1
#define ENABLE_MODULE_AGGSIG 1
#define ENABLE_MODULE_SCHNORRSIG 1

configure: exit 0

## ---------------------- ##
## Running config.status. ##
## ---------------------- ##

This file was extended by libsecp256k1 config.status 0.1, which was
generated by GNU Autoconf 2.72.  Invocation command line was

  CONFIG_FILES    = 
  CONFIG_HEADERS  = 
  CONFIG_LINKS    = 
  CONFIG_COMMANDS = 
  $ ./config.status 

on Christophers-MacBook-Pro-2.local

config.status:1176: creating Makefile
config.status:1176: creating libsecp256k1.pc
config.status:1162: error: cannot find input file: 'src/libsecp256k1-config.h.in'

## ---------------------- ##
## Running config.status. ##
## ---------------------- ##

This file was extended by libsecp256k1 config.status 0.1, which was
generated by GNU Autoconf 2.72.  Invocation command line was

  CONFIG_FILES    = 
  CONFIG_HEADERS  = 
  CONFIG_LINKS    = 
  CONFIG_COMMANDS = 
  $ ./config.status src/libsecp256k1-config.h

on Christophers-MacBook-Pro-2.local

config.status:1176: creating src/libsecp256k1-config.h
